{"C:\\Users\\Aluno\\.marcelin\\Senac-Faculdade-Exercicios\\Semestre_2\\programação-orientada-objetos\\aula5\\Calculadora.ts": {"path":"C:\\Users\\Aluno\\.marcelin\\Senac-Faculdade-Exercicios\\Semestre_2\\programação-orientada-objetos\\aula5\\Calculadora.ts","statementMap":{"0":{"start":{"line":3,"column":8},"end":{"line":3,"column":null}},"1":{"start":{"line":1,"column":0},"end":{"line":1,"column":13}}},"fnMap":{"0":{"name":"(anonymous_0)","decl":{"start":{"line":2,"column":4},"end":{"line":2,"column":9}},"loc":{"start":{"line":2,"column":30},"end":{"line":4,"column":5}}}},"branchMap":{},"s":{"0":1,"1":1},"f":{"0":1},"b":{}}
}
